<?xml version="1.0" encoding="UTF-8"?>
<!-- Generated by org.testng.reporters.JUnitXMLReporter -->
<testsuite ignored="0" hostname="IWSL-W01" failures="0" tests="4" name="Test" time="0.092" errors="0" timestamp="2021-03-29T14:38:52 IST">
  <testcase classname="sample.TEstSNG" name="sush" time="0.012"/>
  <testcase classname="sample.TEstSNG" name="Zebra" time="0.003"/>
  <testcase classname="sample.TEstSNG" name="Bold" time="0.004"/>
  <testcase classname="sample.TEstSNG" name="abhi" time="0.003"/>
</testsuite> <!-- Test -->
