<?xml version="1.0" encoding="UTF-8"?>
<testng-results ignored="1" total="1" passed="0" failed="0" skipped="0">
  <reporter-output>
  </reporter-output>
  <suite started-at="2021-03-30T21:12:12 IST" name="Suite" finished-at="2021-03-30T21:12:12 IST" duration-ms="16">
    <groups>
    </groups>
    <test started-at="2021-03-30T21:12:12 IST" name="Test" finished-at="2021-03-30T21:12:12 IST" duration-ms="16">
      <class name="com.selenium.TestNG_ALL_Annotationa">
        <test-method is-config="true" signature="test1()[pri:0, instance:com.selenium.TestNG_ALL_Annotationa@4ef37659]" started-at="2021-03-30T21:12:12 IST" name="test1" finished-at="2021-03-30T21:12:12 IST" duration-ms="15" status="PASS">
          <reporter-output>
          </reporter-output>
        </test-method> <!-- test1 -->
        <test-method is-config="true" signature="test2()[pri:0, instance:com.selenium.TestNG_ALL_Annotationa@4ef37659]" started-at="2021-03-30T21:12:12 IST" name="test2" finished-at="2021-03-30T21:12:12 IST" duration-ms="1" status="PASS">
          <reporter-output>
          </reporter-output>
        </test-method> <!-- test2 -->
        <test-method is-config="true" signature="test8()[pri:0, instance:com.selenium.TestNG_ALL_Annotationa@4ef37659]" started-at="2021-03-30T21:12:12 IST" name="test8" finished-at="2021-03-30T21:12:12 IST" duration-ms="1" status="PASS">
          <reporter-output>
          </reporter-output>
        </test-method> <!-- test8 -->
        <test-method is-config="true" signature="test9()[pri:0, instance:com.selenium.TestNG_ALL_Annotationa@4ef37659]" started-at="2021-03-30T21:12:12 IST" name="test9" finished-at="2021-03-30T21:12:12 IST" duration-ms="1" status="PASS">
          <reporter-output>
          </reporter-output>
        </test-method> <!-- test9 -->
      </class> <!-- com.selenium.TestNG_ALL_Annotationa -->
    </test> <!-- Test -->
  </suite> <!-- Suite -->
</testng-results>
