<?xml version="1.0" encoding="UTF-8"?>
<!-- Generated by org.testng.reporters.JUnitXMLReporter -->
<testsuite ignored="0" hostname="IWSL-W01" failures="0" tests="5" name=" FB Title Testing" time="0.106" errors="0" timestamp="2021-03-29T17:22:19 IST">
  <testcase classname="sample.TEstSNG" name="FBtitleTest2" time="0.017"/>
  <testcase classname="sample.TEstSNG" name="FBtitleTest1" time="0.017"/>
  <testcase classname="sample.TEstSNG" name="FBtitleTest4" time="0.003"/>
  <testcase classname="sample.TEstSNG" name="FBtitleTest3" time="0.014"/>
  <testcase classname="sample.TEstSNG" name="FBtitleTest5" time="0.005"/>
</testsuite> <!--  FB Title Testing -->
