<?xml version="1.0" encoding="UTF-8"?>
<!-- Generated by org.testng.reporters.JUnitXMLReporter -->
<testsuite ignored="0" hostname="IWSL-W01" failures="0" tests="12" name="Default test" time="0.149" errors="0" timestamp="2021-03-29T17:39:51 IST">
  <testcase classname="sample.TEstSNG" name="FBtitleTest1" time="0.022"/>
  <testcase classname="sample.TEstSNG" name="FBtitleTest1" time="0.022"/>
  <testcase classname="sample.TEstSNG" name="FBtitleTest1" time="0.021"/>
  <testcase classname="sample.TEstSNG" name="FBtitleTest1" time="0.025"/>
  <testcase classname="sample.TEstSNG" name="FBtitleTest1" time="0.004"/>
  <testcase classname="sample.TEstSNG" name="FBtitleTest1" time="0.014"/>
  <testcase classname="sample.TEstSNG" name="FBtitleTest1" time="0.01"/>
  <testcase classname="sample.TEstSNG" name="FBtitleTest1" time="0.023"/>
  <testcase classname="sample.TEstSNG" name="FBtitleTest2" time="0.003"/>
  <testcase classname="sample.TEstSNG" name="FBtitleTest3" time="0.003"/>
  <testcase classname="sample.TEstSNG" name="FBtitleTest4" time="0.004"/>
  <testcase classname="sample.TEstSNG" name="FBtitleTest5" time="0.01"/>
</testsuite> <!-- Default test -->
